  astar.cpp
C:\Users\Asus\Documents\Git_projects\C++ projects\first_lab_version2\first_lab_version2\astar.cpp(112,31): warning C4244: =: преобразование "int" в "float", возможна потеря данных
C:\Users\Asus\Documents\Git_projects\C++ projects\first_lab_version2\first_lab_version2\astar.cpp(115,76): warning C4244: =: преобразование "double" в "float", возможна потеря данных
C:\Program Files (x86)\Microsoft Visual Studio\2019\Community\VC\Tools\MSVC\14.27.29110\include\utility(248,16): warning C4244: инициализация: преобразование "_Ty" в "_Ty1", возможна потеря данных
          with
          [
              _Ty=double
          ]
          and
          [
              _Ty1=float
          ]
C:\Users\Asus\Documents\Git_projects\C++ projects\first_lab_version2\first_lab_version2\astar.cpp(19): message : выполняется компиляция ссылки на экземпляр шаблон функции "std::pair<float,Node *>::pair<double,Node*,0>(std::pair<double,Node *> &&) noexcept"
C:\Users\Asus\Documents\Git_projects\C++ projects\first_lab_version2\first_lab_version2\astar.cpp(19): message : выполняется компиляция ссылки на экземпляр шаблон функции "std::pair<float,Node *>::pair<double,Node*,0>(std::pair<double,Node *> &&) noexcept"
  bfs.cpp
  dijkstra.cpp
C:\Program Files (x86)\Microsoft Visual Studio\2019\Community\VC\Tools\MSVC\14.27.29110\include\utility(248,16): warning C4244: инициализация: преобразование "_Ty" в "_Ty1", возможна потеря данных
          with
          [
              _Ty=double
          ]
          and
          [
              _Ty1=float
          ]
C:\Users\Asus\Documents\Git_projects\C++ projects\first_lab_version2\first_lab_version2\dijkstra.cpp(16): message : выполняется компиляция ссылки на экземпляр шаблон функции "std::pair<float,Node *>::pair<double,Node*,0>(std::pair<double,Node *> &&) noexcept"
C:\Users\Asus\Documents\Git_projects\C++ projects\first_lab_version2\first_lab_version2\dijkstra.cpp(16): message : выполняется компиляция ссылки на экземпляр шаблон функции "std::pair<float,Node *>::pair<double,Node*,0>(std::pair<double,Node *> &&) noexcept"
  graph.cpp
C:\Users\Asus\Documents\Git_projects\C++ projects\first_lab_version2\first_lab_version2\graph.cpp(97,27): warning C4018: <: несоответствие типов со знаком и без знака
C:\Users\Asus\Documents\Git_projects\C++ projects\first_lab_version2\first_lab_version2\graph.cpp(99,31): warning C4018: <: несоответствие типов со знаком и без знака
C:\Users\Asus\Documents\Git_projects\C++ projects\first_lab_version2\first_lab_version2\graph.cpp(107,27): warning C4018: <: несоответствие типов со знаком и без знака
C:\Users\Asus\Documents\Git_projects\C++ projects\first_lab_version2\first_lab_version2\graph.cpp(176,24): warning C4244: return: преобразование "double" в "float", возможна потеря данных
C:\Users\Asus\Documents\Git_projects\C++ projects\first_lab_version2\first_lab_version2\graph.cpp(191,23): warning C4018: <: несоответствие типов со знаком и без знака
C:\Users\Asus\Documents\Git_projects\C++ projects\first_lab_version2\first_lab_version2\graph.cpp(199,22): warning C4018: >: несоответствие типов со знаком и без знака
  input.cpp
  main.cpp
C:\Users\Asus\Documents\Git_projects\C++ projects\first_lab_version2\first_lab_version2\main.cpp(60,125): warning C4244: =: преобразование "double" в "float", возможна потеря данных
  planner.cpp
  tinyxml2.cpp
  Создание кода...
  first_lab_version2.vcxproj -> C:\Users\Asus\Documents\Git_projects\C++ projects\first_lab_version2\Debug\first_lab_version2.exe
