  astar.cpp
C:\Users\Asus\Documents\Git_projects\C++ projects\first_lab_version2\first_lab_version2\astar.cpp(42,32): warning C4267: =: преобразование из "size_t" в "int"; возможна потеря данных
C:\Users\Asus\Documents\Git_projects\C++ projects\first_lab_version2\first_lab_version2\astar.cpp(88,30): warning C4267: =: преобразование из "size_t" в "int"; возможна потеря данных
C:\Users\Asus\Documents\Git_projects\C++ projects\first_lab_version2\first_lab_version2\astar.cpp(112,31): warning C4244: =: преобразование "int" в "float", возможна потеря данных
C:\Users\Asus\Documents\Git_projects\C++ projects\first_lab_version2\first_lab_version2\astar.cpp(115,76): warning C4244: =: преобразование "double" в "float", возможна потеря данных
C:\Program Files (x86)\Microsoft Visual Studio\2019\Community\VC\Tools\MSVC\14.27.29110\include\utility(248,16): warning C4244: инициализация: преобразование "_Ty" в "_Ty1", возможна потеря данных
          with
          [
              _Ty=double
          ]
          and
          [
              _Ty1=float
          ]
C:\Users\Asus\Documents\Git_projects\C++ projects\first_lab_version2\first_lab_version2\astar.cpp(19): message : выполняется компиляция ссылки на экземпляр шаблон функции "std::pair<float,Node *>::pair<double,Node*,0>(std::pair<double,Node *> &&) noexcept"
C:\Users\Asus\Documents\Git_projects\C++ projects\first_lab_version2\first_lab_version2\astar.cpp(19): message : выполняется компиляция ссылки на экземпляр шаблон функции "std::pair<float,Node *>::pair<double,Node*,0>(std::pair<double,Node *> &&) noexcept"
  bfs.cpp
C:\Users\Asus\Documents\Git_projects\C++ projects\first_lab_version2\first_lab_version2\bfs.cpp(30,32): warning C4267: =: преобразование из "size_t" в "int"; возможна потеря данных
C:\Users\Asus\Documents\Git_projects\C++ projects\first_lab_version2\first_lab_version2\bfs.cpp(61,30): warning C4267: =: преобразование из "size_t" в "int"; возможна потеря данных
  dijkstra.cpp
C:\Users\Asus\Documents\Git_projects\C++ projects\first_lab_version2\first_lab_version2\dijkstra.cpp(37,32): warning C4267: =: преобразование из "size_t" в "int"; возможна потеря данных
C:\Users\Asus\Documents\Git_projects\C++ projects\first_lab_version2\first_lab_version2\dijkstra.cpp(75,30): warning C4267: =: преобразование из "size_t" в "int"; возможна потеря данных
C:\Program Files (x86)\Microsoft Visual Studio\2019\Community\VC\Tools\MSVC\14.27.29110\include\utility(248,16): warning C4244: инициализация: преобразование "_Ty" в "_Ty1", возможна потеря данных
          with
          [
              _Ty=double
          ]
          and
          [
              _Ty1=float
          ]
C:\Users\Asus\Documents\Git_projects\C++ projects\first_lab_version2\first_lab_version2\dijkstra.cpp(16): message : выполняется компиляция ссылки на экземпляр шаблон функции "std::pair<float,Node *>::pair<double,Node*,0>(std::pair<double,Node *> &&) noexcept"
C:\Users\Asus\Documents\Git_projects\C++ projects\first_lab_version2\first_lab_version2\dijkstra.cpp(16): message : выполняется компиляция ссылки на экземпляр шаблон функции "std::pair<float,Node *>::pair<double,Node*,0>(std::pair<double,Node *> &&) noexcept"
  graph.cpp
C:\Users\Asus\Documents\Git_projects\C++ projects\first_lab_version2\first_lab_version2\graph.cpp(124,34): warning C4267: инициализация: преобразование из "size_t" в "int"; возможна потеря данных
C:\Users\Asus\Documents\Git_projects\C++ projects\first_lab_version2\first_lab_version2\graph.cpp(124,55): warning C4267: инициализация: преобразование из "size_t" в "int"; возможна потеря данных
C:\Users\Asus\Documents\Git_projects\C++ projects\first_lab_version2\first_lab_version2\graph.cpp(176,24): warning C4244: return: преобразование "double" в "float", возможна потеря данных
C:\Program Files (x86)\Microsoft Visual Studio\2019\Community\VC\Tools\MSVC\14.27.29110\include\utility(248,1): warning C4267: инициализация: преобразование из "size_t" в "_Ty2"; возможна потеря данных
          with
          [
              _Ty2=int
          ]
C:\Program Files (x86)\Microsoft Visual Studio\2019\Community\VC\Tools\MSVC\14.27.29110\include\xmemory(693): message : выполняется компиляция ссылки на экземпляр шаблон функции "std::pair<const std::string,int>::pair<std::basic_string<char,std::char_traits<char>,std::allocator<char>>,unsigned __int64,0>(std::pair<std::basic_string<char,std::char_traits<char>,std::allocator<char>>,unsigned __int64> &&) noexcept"
C:\Program Files (x86)\Microsoft Visual Studio\2019\Community\VC\Tools\MSVC\14.27.29110\include\xmemory(694): message : выполняется компиляция ссылки на экземпляр шаблон функции "std::pair<const std::string,int>::pair<std::basic_string<char,std::char_traits<char>,std::allocator<char>>,unsigned __int64,0>(std::pair<std::basic_string<char,std::char_traits<char>,std::allocator<char>>,unsigned __int64> &&) noexcept"
C:\Program Files (x86)\Microsoft Visual Studio\2019\Community\VC\Tools\MSVC\14.27.29110\include\xtree(805): message : выполняется компиляция ссылки на экземпляр шаблон функции "void std::_Default_allocator_traits<_Alloc>::construct<_Ty,std::pair<std::basic_string<char,std::char_traits<char>,std::allocator<char>>,unsigned __int64>>(_Alloc &,_Objty *const ,std::pair<std::basic_string<char,std::char_traits<char>,std::allocator<char>>,unsigned __int64> &&)"
          with
          [
              _Alloc=std::allocator<std::_Tree_node<std::pair<const std::string,int>,std::_Default_allocator_traits<std::allocator<std::pair<const std::string,int>>>::void_pointer>>,
              _Ty=std::pair<const std::string,int>,
              _Objty=std::pair<const std::string,int>
          ]
C:\Program Files (x86)\Microsoft Visual Studio\2019\Community\VC\Tools\MSVC\14.27.29110\include\xtree(806): message : выполняется компиляция ссылки на экземпляр шаблон функции "void std::_Default_allocator_traits<_Alloc>::construct<_Ty,std::pair<std::basic_string<char,std::char_traits<char>,std::allocator<char>>,unsigned __int64>>(_Alloc &,_Objty *const ,std::pair<std::basic_string<char,std::char_traits<char>,std::allocator<char>>,unsigned __int64> &&)"
          with
          [
              _Alloc=std::allocator<std::_Tree_node<std::pair<const std::string,int>,std::_Default_allocator_traits<std::allocator<std::pair<const std::string,int>>>::void_pointer>>,
              _Ty=std::pair<const std::string,int>,
              _Objty=std::pair<const std::string,int>
          ]
C:\Program Files (x86)\Microsoft Visual Studio\2019\Community\VC\Tools\MSVC\14.27.29110\include\xtree(1002): message : выполняется компиляция ссылки на экземпляр шаблон функции "std::_Tree_temp_node<std::allocator<std::_Tree_node<std::pair<const std::string,int>,std::_Default_allocator_traits<_Alloc>::void_pointer>>>::_Tree_temp_node<_Ty>(_Alnode &,std::_Tree_node<std::pair<const std::string,int>,std::_Default_allocator_traits<_Alloc>::void_pointer> *,_Ty &&)"
          with
          [
              _Alloc=std::allocator<std::pair<const std::string,int>>,
              _Ty=std::pair<std::basic_string<char,std::char_traits<char>,std::allocator<char>>,unsigned __int64>,
              _Alnode=std::allocator<std::_Tree_node<std::pair<const std::string,int>,std::_Default_allocator_traits<std::allocator<std::pair<const std::string,int>>>::void_pointer>>
          ]
C:\Program Files (x86)\Microsoft Visual Studio\2019\Community\VC\Tools\MSVC\14.27.29110\include\xtree(1015): message : выполняется компиляция ссылки на экземпляр шаблон функции "std::_Tree_temp_node<std::allocator<std::_Tree_node<std::pair<const std::string,int>,std::_Default_allocator_traits<_Alloc>::void_pointer>>>::_Tree_temp_node<_Ty>(_Alnode &,std::_Tree_node<std::pair<const std::string,int>,std::_Default_allocator_traits<_Alloc>::void_pointer> *,_Ty &&)"
          with
          [
              _Alloc=std::allocator<std::pair<const std::string,int>>,
              _Ty=std::pair<std::basic_string<char,std::char_traits<char>,std::allocator<char>>,unsigned __int64>,
              _Alnode=std::allocator<std::_Tree_node<std::pair<const std::string,int>,std::_Default_allocator_traits<std::allocator<std::pair<const std::string,int>>>::void_pointer>>
          ]
C:\Program Files (x86)\Microsoft Visual Studio\2019\Community\VC\Tools\MSVC\14.27.29110\include\xtree(1094): message : выполняется компиляция ссылки на экземпляр шаблон функции "std::pair<std::_Tree_node<std::pair<const std::string,int>,std::_Default_allocator_traits<_Alloc>::void_pointer> *,bool> std::_Tree<std::_Tmap_traits<_Kty,_Ty,_Pr,_Alloc,false>>::_Emplace<std::pair<std::basic_string<char,std::char_traits<char>,std::allocator<char>>,unsigned __int64>>(std::pair<std::basic_string<char,std::char_traits<char>,std::allocator<char>>,unsigned __int64> &&)"
          with
          [
              _Alloc=std::allocator<std::pair<const std::string,int>>,
              _Kty=std::string,
              _Ty=int,
              _Pr=std::less<std::string>
          ]
C:\Program Files (x86)\Microsoft Visual Studio\2019\Community\VC\Tools\MSVC\14.27.29110\include\xtree(1095): message : выполняется компиляция ссылки на экземпляр шаблон функции "std::pair<std::_Tree_node<std::pair<const std::string,int>,std::_Default_allocator_traits<_Alloc>::void_pointer> *,bool> std::_Tree<std::_Tmap_traits<_Kty,_Ty,_Pr,_Alloc,false>>::_Emplace<std::pair<std::basic_string<char,std::char_traits<char>,std::allocator<char>>,unsigned __int64>>(std::pair<std::basic_string<char,std::char_traits<char>,std::allocator<char>>,unsigned __int64> &&)"
          with
          [
              _Alloc=std::allocator<std::pair<const std::string,int>>,
              _Kty=std::string,
              _Ty=int,
              _Pr=std::less<std::string>
          ]
C:\Program Files (x86)\Microsoft Visual Studio\2019\Community\VC\Tools\MSVC\14.27.29110\include\map(165): message : выполняется компиляция ссылки на экземпляр шаблон функции "std::pair<std::_Tree_iterator<std::_Tree_val<std::_Tree_simple_types<std::pair<const std::string,int>>>>,bool> std::_Tree<std::_Tmap_traits<_Kty,_Ty,_Pr,_Alloc,false>>::emplace<std::pair<std::basic_string<char,std::char_traits<char>,std::allocator<char>>,unsigned __int64>>(std::pair<std::basic_string<char,std::char_traits<char>,std::allocator<char>>,unsigned __int64> &&)"
          with
          [
              _Kty=std::string,
              _Ty=int,
              _Pr=std::less<std::string>,
              _Alloc=std::allocator<std::pair<const std::string,int>>
          ]
C:\Program Files (x86)\Microsoft Visual Studio\2019\Community\VC\Tools\MSVC\14.27.29110\include\map(165): message : выполняется компиляция ссылки на экземпляр шаблон функции "std::pair<std::_Tree_iterator<std::_Tree_val<std::_Tree_simple_types<std::pair<const std::string,int>>>>,bool> std::_Tree<std::_Tmap_traits<_Kty,_Ty,_Pr,_Alloc,false>>::emplace<std::pair<std::basic_string<char,std::char_traits<char>,std::allocator<char>>,unsigned __int64>>(std::pair<std::basic_string<char,std::char_traits<char>,std::allocator<char>>,unsigned __int64> &&)"
          with
          [
              _Kty=std::string,
              _Ty=int,
              _Pr=std::less<std::string>,
              _Alloc=std::allocator<std::pair<const std::string,int>>
          ]
C:\Users\Asus\Documents\Git_projects\C++ projects\first_lab_version2\first_lab_version2\graph.cpp(21): message : выполняется компиляция ссылки на экземпляр шаблон функции "std::pair<std::_Tree_iterator<std::_Tree_val<std::_Tree_simple_types<std::pair<const std::string,int>>>>,bool> std::map<std::string,int,std::less<std::string>,std::allocator<std::pair<const std::string,int>>>::insert<std::pair<std::basic_string<char,std::char_traits<char>,std::allocator<char>>,unsigned __int64>,0>(_Valty &&)"
          with
          [
              _Valty=std::pair<std::basic_string<char,std::char_traits<char>,std::allocator<char>>,unsigned __int64>
          ]
C:\Users\Asus\Documents\Git_projects\C++ projects\first_lab_version2\first_lab_version2\graph.cpp(21): message : выполняется компиляция ссылки на экземпляр шаблон функции "std::pair<std::_Tree_iterator<std::_Tree_val<std::_Tree_simple_types<std::pair<const std::string,int>>>>,bool> std::map<std::string,int,std::less<std::string>,std::allocator<std::pair<const std::string,int>>>::insert<std::pair<std::basic_string<char,std::char_traits<char>,std::allocator<char>>,unsigned __int64>,0>(_Valty &&)"
          with
          [
              _Valty=std::pair<std::basic_string<char,std::char_traits<char>,std::allocator<char>>,unsigned __int64>
          ]
  input.cpp
  main.cpp
C:\Users\Asus\Documents\Git_projects\C++ projects\first_lab_version2\first_lab_version2\main.cpp(60,125): warning C4244: =: преобразование "double" в "float", возможна потеря данных
  planner.cpp
  tinyxml2.cpp
  Создание кода
  0 of 1476 functions ( 0.0%) were compiled, the rest were copied from previous compilation.
    0 functions were new in current compilation
    0 functions had inline decision re-evaluated but remain unchanged
  Создание кода завершено
  first_lab_version2.vcxproj -> C:\Users\Asus\Documents\Git_projects\C++ projects\first_lab_version2\x64\Release\first_lab_version2.exe
